<?xml version="1.0" encoding="UTF-8"?>
<testng-results ignored="0" total="2" passed="2" failed="0" skipped="0">
  <reporter-output>
  </reporter-output>
  <suite started-at="2022-07-28T12:18:14 IST" name="Default suite" finished-at="2022-07-28T12:18:14 IST" duration-ms="56">
    <groups>
    </groups>
    <test started-at="2022-07-28T12:18:14 IST" name="Default test" finished-at="2022-07-28T12:18:14 IST" duration-ms="56">
      <class name="qaclickacademy.SeleniumTest">
        <test-method signature="BrowserAUtomation()[pri:0, instance:qaclickacademy.SeleniumTest@702b8b12]" started-at="2022-07-28T12:18:14 IST" name="BrowserAUtomation" finished-at="2022-07-28T12:18:14 IST" duration-ms="10" status="PASS">
          <reporter-output>
          </reporter-output>
        </test-method> <!-- BrowserAUtomation -->
        <test-method signature="elementsUi()[pri:0, instance:qaclickacademy.SeleniumTest@702b8b12]" started-at="2022-07-28T12:18:14 IST" name="elementsUi" finished-at="2022-07-28T12:18:14 IST" duration-ms="2" status="PASS">
          <reporter-output>
          </reporter-output>
        </test-method> <!-- elementsUi -->
      </class> <!-- qaclickacademy.SeleniumTest -->
    </test> <!-- Default test -->
  </suite> <!-- Default suite -->
</testng-results>
